
Showing logs for build [32mmasky0127-environment-carpetspe-ckbmx-1[0m stage [32mfrom-build-pack[0m and container [32mcredential-initializer[0m
{"level":"info","ts":1605246671.0724545,"caller":"creds-init/main.go:44","msg":"Credentials initialized."}

Showing logs for build [32mmasky0127-environment-carpetspe-ckbmx-1[0m stage [32mfrom-build-pack[0m and container [32mworking-dir-initializer[0m

Showing logs for build [32mmasky0127-environment-carpetspe-ckbmx-1[0m stage [32mfrom-build-pack[0m and container [32mplace-tools[0m

Showing logs for build [32mmasky0127-environment-carpetspe-ckbmx-1[0m stage [32mfrom-build-pack[0m and container [32mstep-git-source-masky0127-environment-carpetspe-ckbmx-sph4b[0m
{"level":"info","ts":1605246680.9168756,"caller":"git/git.go:105","msg":"Successfully cloned https://github.com/*****0127/environment-carpetspeckle-staging.git @ master in path /workspace/source"}
{"level":"warn","ts":1605246680.9169424,"caller":"git/git.go:152","msg":"Unexpected error: creating symlink: symlink /tekton/home/.ssh /root/.ssh: file exists"}
{"level":"info","ts":1605246680.9559314,"caller":"git/git.go:133","msg":"Successfully initialized and updated submodules in path /workspace/source"}

Showing logs for build [32mmasky0127-environment-carpetspe-ckbmx-1[0m stage [32mfrom-build-pack[0m and container [32mstep-setup-builder-home[0m

Showing logs for build [32mmasky0127-environment-carpetspe-ckbmx-1[0m stage [32mfrom-build-pack[0m and container [32mstep-git-merge[0m
Using SHAs from PULL_REFS=master:cc095f691e6dc67518ee9f59a4b8f76594430c9a,3:125850457b60f44c5c0e9599e37525a031234d17
DEBUG: LC_ALL=C JX_LOG_LEVEL=error git fetch origin --unshallow 125850457b60f44c5c0e9599e37525a031234d17: cc095f691e6dc67518ee9f59a4b8f76594430c9a:
DEBUG: ran git fetch --unshallow origin 125850457b60f44c5c0e9599e37525a031234d17: cc095f691e6dc67518ee9f59a4b8f76594430c9a: in 
DEBUG: LC_ALL=C JX_LOG_LEVEL=error git branch
DEBUG: LC_ALL=C JX_LOG_LEVEL=error git checkout master
DEBUG: ran git checkout master in 
DEBUG: LC_ALL=C JX_LOG_LEVEL=error git reset --hard cc095f691e6dc67518ee9f59a4b8f76594430c9a
DEBUG: ran git reset --hard cc095f691e6dc67518ee9f59a4b8f76594430c9a in 
DEBUG: LC_ALL=C JX_LOG_LEVEL=error git clean -fd .
DEBUG: ran clean --force -d . in 
DEBUG: LC_ALL=C JX_LOG_LEVEL=error git merge 125850457b60f44c5c0e9599e37525a031234d17
DEBUG: ran git merge 125850457b60f44c5c0e9599e37525a031234d17 in 
DEBUG: LC_ALL=C JX_LOG_LEVEL=error git log --format=%H%x1f%an%x1f%ae%x1f%cn%x1f%ce%x1f%s%n%b%x1e cc095f691e6dc67518ee9f59a4b8f76594430c9a..HEAD
Merged SHA 125850457b60f44c5c0e9599e37525a031234d17 with commit message 'chore: Promote jenkinsxquick to version 0.0.4' into base branch master

Showing logs for build [32mmasky0127-environment-carpetspe-ckbmx-1[0m stage [32mfrom-build-pack[0m and container [32mstep-build-helm-build[0m
WARNING: No $CHART_REPOSITORY defined so using the default value of: http://jenkins-x-chartmuseum:8080
Adding missing Helm repo: storage.googleapis.com https://storage.googleapis.com/chartmuseum.jenkins-x.io
Successfully added Helm repository storage.googleapis.com.
Adding missing Helm repo: jenkins-x-chartmuseum http://jenkins-x-chartmuseum:8080
Successfully added Helm repository jenkins-x-chartmuseum.
WARNING: No $CHART_REPOSITORY defined so using the default value of: http://jenkins-x-chartmuseum:8080
Adding missing Helm repo: chartmuseum.jenkins-x.io http://chartmuseum.jenkins-x.io
Successfully added Helm repository chartmuseum.jenkins-x.io.
