
Showing logs for build [32mmasky0127-environment-carpetspe-kcvxc-1[0m stage [32mfrom-build-pack[0m and container [32mcredential-initializer[0m
{"level":"info","ts":1606359746.5428834,"caller":"creds-init/main.go:44","msg":"Credentials initialized."}

Showing logs for build [32mmasky0127-environment-carpetspe-kcvxc-1[0m stage [32mfrom-build-pack[0m and container [32mworking-dir-initializer[0m

Showing logs for build [32mmasky0127-environment-carpetspe-kcvxc-1[0m stage [32mfrom-build-pack[0m and container [32mplace-tools[0m

Showing logs for build [32mmasky0127-environment-carpetspe-kcvxc-1[0m stage [32mfrom-build-pack[0m and container [32mstep-git-source-masky0127-environment-carpetspe-kcvxc-zn9sv[0m
{"level":"info","ts":1606359753.6511767,"caller":"git/git.go:105","msg":"Successfully cloned https://github.com/*****0127/environment-carpetspeckle-staging.git @ master in path /workspace/source"}
{"level":"warn","ts":1606359753.6513293,"caller":"git/git.go:152","msg":"Unexpected error: creating symlink: symlink /tekton/home/.ssh /root/.ssh: file exists"}
{"level":"info","ts":1606359753.6885953,"caller":"git/git.go:133","msg":"Successfully initialized and updated submodules in path /workspace/source"}

Showing logs for build [32mmasky0127-environment-carpetspe-kcvxc-1[0m stage [32mfrom-build-pack[0m and container [32mstep-setup-builder-home[0m

Showing logs for build [32mmasky0127-environment-carpetspe-kcvxc-1[0m stage [32mfrom-build-pack[0m and container [32mstep-git-merge[0m
Using SHAs from PULL_REFS=master:645714f5f02de6991b7bf942a45767ba4483879d,9:6f7f0f43ec8e042589176e208f4d3301378140d8
DEBUG: LC_ALL=C JX_LOG_LEVEL=error git fetch origin --unshallow 6f7f0f43ec8e042589176e208f4d3301378140d8: 645714f5f02de6991b7bf942a45767ba4483879d:
DEBUG: ran git fetch --unshallow origin 6f7f0f43ec8e042589176e208f4d3301378140d8: 645714f5f02de6991b7bf942a45767ba4483879d: in 
DEBUG: JX_LOG_LEVEL=error LC_ALL=C git branch
DEBUG: LC_ALL=C JX_LOG_LEVEL=error git checkout master
DEBUG: ran git checkout master in 
DEBUG: JX_LOG_LEVEL=error LC_ALL=C git reset --hard 645714f5f02de6991b7bf942a45767ba4483879d
DEBUG: ran git reset --hard 645714f5f02de6991b7bf942a45767ba4483879d in 
DEBUG: LC_ALL=C JX_LOG_LEVEL=error git clean -fd .
DEBUG: ran clean --force -d . in 
DEBUG: LC_ALL=C JX_LOG_LEVEL=error git merge 6f7f0f43ec8e042589176e208f4d3301378140d8
DEBUG: ran git merge 6f7f0f43ec8e042589176e208f4d3301378140d8 in 
DEBUG: LC_ALL=C JX_LOG_LEVEL=error git log --format=%H%x1f%an%x1f%ae%x1f%cn%x1f%ce%x1f%s%n%b%x1e 645714f5f02de6991b7bf942a45767ba4483879d..HEAD
Merged SHA 6f7f0f43ec8e042589176e208f4d3301378140d8 with commit message 'chore: Promote jenkinsxquick to version 0.0.10' into base branch master

Showing logs for build [32mmasky0127-environment-carpetspe-kcvxc-1[0m stage [32mfrom-build-pack[0m and container [32mstep-build-helm-build[0m
WARNING: No $CHART_REPOSITORY defined so using the default value of: http://jenkins-x-chartmuseum:8080
Adding missing Helm repo: storage.googleapis.com https://storage.googleapis.com/chartmuseum.jenkins-x.io
Successfully added Helm repository storage.googleapis.com.
Adding missing Helm repo: jenkins-x-chartmuseum http://jenkins-x-chartmuseum:8080
Successfully added Helm repository jenkins-x-chartmuseum.
WARNING: No $CHART_REPOSITORY defined so using the default value of: http://jenkins-x-chartmuseum:8080
Adding missing Helm repo: chartmuseum.jenkins-x.io http://chartmuseum.jenkins-x.io
Successfully added Helm repository chartmuseum.jenkins-x.io.
